{"name": "test_delete_unauthorized", "status": "failed", "statusDetails": {"message": "AssertionError: assert 204 == <HTTPStatus.UNAUTHORIZED: 401>\n +  where 204 = <Response [204]>.status_code\n +  and   <HTTPStatus.UNAUTHORIZED: 401> = HTTPStatus.UNAUTHORIZED", "trace": "api = <src.api.core.client.Client object at 0x10c157890>\n\n    def test_delete_unauthorized(api):\n        data=data_provider.get_delete_data()\n        url=constants.USERS+\"/\"+str(data[1]['Id'])\n        response = api.delete(url)\n>       assert response.status_code == HTTPStatus.UNAUTHORIZED\nE       assert 204 == <HTTPStatus.UNAUTHORIZED: 401>\nE        +  where 204 = <Response [204]>.status_code\nE        +  and   <HTTPStatus.UNAUTHORIZED: 401> = HTTPStatus.UNAUTHORIZED\n\ntests/api/test_delete.py:29: AssertionError"}, "start": 1764507625486, "stop": 1764507625779, "uuid": "9921b1bc-b6f9-4c4b-87e1-ec941de06e33", "historyId": "3c775130d89d729e9b8dd31d33f513b6", "testCaseId": "3c775130d89d729e9b8dd31d33f513b6", "fullName": "tests.api.test_delete#test_delete_unauthorized", "labels": [{"name": "parentSuite", "value": "tests.api"}, {"name": "suite", "value": "test_delete"}, {"name": "host", "value": "Sunaynas-MacBook-Air.local"}, {"name": "thread", "value": "37576-MainThread"}, {"name": "framework", "value": "pytest"}, {"name": "language", "value": "cpython3"}, {"name": "package", "value": "tests.api.test_delete"}], "titlePath": ["tests", "api", "test_delete.py"]}